2012-11-22T12:15:23+00:00 ERR (3): exception 'Omeka_Record_Exception' with message 'There is no element named "Recipient"!' in /home/gjergj/www/omeka-1.5.3/application/models/ActsAsElementText.php:322
Stack trace:
#0 /home/gjergj/www/omeka-1.5.3/application/models/ActsAsElementText.php(238): ActsAsElementText->getElementByNameAndSetName('Recipient', 'Item Type Metad...')
#1 [internal function]: ActsAsElementText->getElementTextsByElementNameAndSetName('Recipient', 'Item Type Metad...')
#2 /home/gjergj/www/omeka-1.5.3/application/libraries/Omeka/Record.php(250): call_user_func_array(Array, Array)
#3 /home/gjergj/www/omeka-1.5.3/application/libraries/Omeka/Record.php(209): Omeka_Record->delegateToMixins('getElementTexts...', Array)
#4 /home/gjergj/www/omeka-1.5.3/application/libraries/Omeka/View/Helper/RecordMetadata.php(200): Omeka_Record->__call('getElementTexts...', Array)
#5 /home/gjergj/www/omeka-1.5.3/application/libraries/Omeka/View/Helper/RecordMetadata.php(200): Item->getElementTextsByElementNameAndSetName('Recipient', 'Item Type Metad...')
#6 /home/gjergj/www/omeka-1.5.3/application/libraries/Omeka/View/Helper/RecordMetadata.php(173): Omeka_View_Helper_RecordMetadata->_getElementText(Object(Item), 'Item Type Metad...', 'Recipient')
#7 /home/gjergj/www/omeka-1.5.3/application/libraries/Omeka/View/Helper/RecordMetadata.php(82): Omeka_View_Helper_RecordMetadata->_getText(Object(Item), 'Item Type Metad...', 'Recipient')
#8 /home/gjergj/www/omeka-1.5.3/application/helpers/ItemMetadata.php(28): Omeka_View_Helper_RecordMetadata->_get(Object(Item), 'Item Type Metad...', 'Recipient', Array)
#9 [internal function]: Omeka_View_Helper_ItemMetadata->itemMetadata(Object(Item), 'Item Type Metad...', 'Recipient', Array)
#10 /home/gjergj/www/omeka-1.5.3/application/libraries/Zend/View/Abstract.php(350): call_user_func_array(Array, Array)
#11 /home/gjergj/www/omeka-1.5.3/application/helpers/ItemFunctions.php(198): Zend_View_Abstract->__call('itemMetadata', Array)
#12 /home/gjergj/www/omeka-1.5.3/application/helpers/ItemFunctions.php(198): Omeka_View->itemMetadata(Object(Item), 'Item Type Metad...', 'Recipient', Array)
#13 /home/gjergj/www/omeka-1.5.3/themes/bush/items/show.php(73): item('Item Type Metad...', 'Recipient')
#14 /home/gjergj/www/omeka-1.5.3/application/libraries/Omeka/View.php(113): include('/home/gjergj/ww...')
#15 /home/gjergj/www/omeka-1.5.3/application/libraries/Zend/View/Abstract.php(888): Omeka_View->_run('/home/gjergj/ww...')
#16 /home/gjergj/www/omeka-1.5.3/application/libraries/Zend/Controller/Action/Helper/ViewRenderer.php(900): Zend_View_Abstract->render('items/show.php')
#17 /home/gjergj/www/omeka-1.5.3/application/libraries/Zend/Controller/Action/Helper/ViewRenderer.php(921): Zend_Controller_Action_Helper_ViewRenderer->renderScript('items/show.php', NULL)
#18 /home/gjergj/www/omeka-1.5.3/application/libraries/Zend/Controller/Action/Helper/ViewRenderer.php(960): Zend_Controller_Action_Helper_ViewRenderer->render()
#19 /home/gjergj/www/omeka-1.5.3/application/libraries/Zend/Controller/Action/HelperBroker.php(277): Zend_Controller_Action_Helper_ViewRenderer->postDispatch()
#20 /home/gjergj/www/omeka-1.5.3/application/libraries/Zend/Controller/Action.php(527): Zend_Controller_Action_HelperBroker->notifyPostDispatch()
#21 /home/gjergj/www/omeka-1.5.3/application/libraries/Zend/Controller/Dispatcher/Standard.php(295): Zend_Controller_Action->dispatch('showAction')
#22 /home/gjergj/www/omeka-1.5.3/application/libraries/Zend/Controller/Front.php(954): Zend_Controller_Dispatcher_Standard->dispatch(Object(Zend_Controller_Request_Http), Object(Zend_Controller_Response_Http))
#23 /home/gjergj/www/omeka-1.5.3/application/libraries/Zend/Application/Bootstrap/Bootstrap.php(97): Zend_Controller_Front->dispatch()
#24 /home/gjergj/www/omeka-1.5.3/application/libraries/Zend/Application.php(366): Zend_Application_Bootstrap_Bootstrap->run()
#25 /home/gjergj/www/omeka-1.5.3/application/libraries/Omeka/Core.php(165): Zend_Application->run()
#26 /home/gjergj/www/omeka-1.5.3/index.php(28): Omeka_Core->run()
#27 {main}
2012-11-22T12:15:40+00:00 ERR (3): exception 'Omeka_Record_Exception' with message 'There is no element named "Recipient"!' in /home/gjergj/www/omeka-1.5.3/application/models/ActsAsElementText.php:322
Stack trace:
#0 /home/gjergj/www/omeka-1.5.3/application/models/ActsAsElementText.php(238): ActsAsElementText->getElementByNameAndSetName('Recipient', 'Item Type Metad...')
#1 [internal function]: ActsAsElementText->getElementTextsByElementNameAndSetName('Recipient', 'Item Type Metad...')
#2 /home/gjergj/www/omeka-1.5.3/application/libraries/Omeka/Record.php(250): call_user_func_array(Array, Array)
#3 /home/gjergj/www/omeka-1.5.3/application/libraries/Omeka/Record.php(209): Omeka_Record->delegateToMixins('getElementTexts...', Array)
#4 /home/gjergj/www/omeka-1.5.3/application/libraries/Omeka/View/Helper/RecordMetadata.php(200): Omeka_Record->__call('getElementTexts...', Array)
#5 /home/gjergj/www/omeka-1.5.3/application/libraries/Omeka/View/Helper/RecordMetadata.php(200): Item->getElementTextsByElementNameAndSetName('Recipient', 'Item Type Metad...')
#6 /home/gjergj/www/omeka-1.5.3/application/libraries/Omeka/View/Helper/RecordMetadata.php(173): Omeka_View_Helper_RecordMetadata->_getElementText(Object(Item), 'Item Type Metad...', 'Recipient')
#7 /home/gjergj/www/omeka-1.5.3/application/libraries/Omeka/View/Helper/RecordMetadata.php(82): Omeka_View_Helper_RecordMetadata->_getText(Object(Item), 'Item Type Metad...', 'Recipient')
#8 /home/gjergj/www/omeka-1.5.3/application/helpers/ItemMetadata.php(28): Omeka_View_Helper_RecordMetadata->_get(Object(Item), 'Item Type Metad...', 'Recipient', Array)
#9 [internal function]: Omeka_View_Helper_ItemMetadata->itemMetadata(Object(Item), 'Item Type Metad...', 'Recipient', Array)
#10 /home/gjergj/www/omeka-1.5.3/application/libraries/Zend/View/Abstract.php(350): call_user_func_array(Array, Array)
#11 /home/gjergj/www/omeka-1.5.3/application/helpers/ItemFunctions.php(198): Zend_View_Abstract->__call('itemMetadata', Array)
#12 /home/gjergj/www/omeka-1.5.3/application/helpers/ItemFunctions.php(198): Omeka_View->itemMetadata(Object(Item), 'Item Type Metad...', 'Recipient', Array)
#13 /home/gjergj/www/omeka-1.5.3/themes/bush/items/show.php(73): item('Item Type Metad...', 'Recipient')
#14 /home/gjergj/www/omeka-1.5.3/application/libraries/Omeka/View.php(113): include('/home/gjergj/ww...')
#15 /home/gjergj/www/omeka-1.5.3/application/libraries/Zend/View/Abstract.php(888): Omeka_View->_run('/home/gjergj/ww...')
#16 /home/gjergj/www/omeka-1.5.3/application/libraries/Zend/Controller/Action/Helper/ViewRenderer.php(900): Zend_View_Abstract->render('items/show.php')
#17 /home/gjergj/www/omeka-1.5.3/application/libraries/Zend/Controller/Action/Helper/ViewRenderer.php(921): Zend_Controller_Action_Helper_ViewRenderer->renderScript('items/show.php', NULL)
#18 /home/gjergj/www/omeka-1.5.3/application/libraries/Zend/Controller/Action/Helper/ViewRenderer.php(960): Zend_Controller_Action_Helper_ViewRenderer->render()
#19 /home/gjergj/www/omeka-1.5.3/application/libraries/Zend/Controller/Action/HelperBroker.php(277): Zend_Controller_Action_Helper_ViewRenderer->postDispatch()
#20 /home/gjergj/www/omeka-1.5.3/application/libraries/Zend/Controller/Action.php(527): Zend_Controller_Action_HelperBroker->notifyPostDispatch()
#21 /home/gjergj/www/omeka-1.5.3/application/libraries/Zend/Controller/Dispatcher/Standard.php(295): Zend_Controller_Action->dispatch('showAction')
#22 /home/gjergj/www/omeka-1.5.3/application/libraries/Zend/Controller/Front.php(954): Zend_Controller_Dispatcher_Standard->dispatch(Object(Zend_Controller_Request_Http), Object(Zend_Controller_Response_Http))
#23 /home/gjergj/www/omeka-1.5.3/application/libraries/Zend/Application/Bootstrap/Bootstrap.php(97): Zend_Controller_Front->dispatch()
#24 /home/gjergj/www/omeka-1.5.3/application/libraries/Zend/Application.php(366): Zend_Application_Bootstrap_Bootstrap->run()
#25 /home/gjergj/www/omeka-1.5.3/application/libraries/Omeka/Core.php(165): Zend_Application->run()
#26 /home/gjergj/www/omeka-1.5.3/index.php(28): Omeka_Core->run()
#27 {main}
